<?xml version="1.0" encoding="UTF-8"?>
<testsuite name="model.EncryptionTest" tests="1" skipped="0" failures="0" errors="0" timestamp="2021-12-06T17:40:58" hostname="fiona-ThinkPad-T460s" time="0.034">
  <properties/>
  <testcase name="encryption_allUpperCase_String()" classname="model.EncryptionTest" time="0.034"/>
  <system-out><![CDATA[]]></system-out>
  <system-err><![CDATA[]]></system-err>
</testsuite>
